\BOOKMARK [0][-]{chapter.1}{The Example Package}{}% 1
\BOOKMARK [1][-]{section.1.1}{The Main Functions}{chapter.1}% 2
\BOOKMARK [0][-]{chapter.2}{Installing and Loading the Example Package}{}% 3
\BOOKMARK [1][-]{section.2.1}{Unpacking the Example Package}{chapter.2}% 4
\BOOKMARK [1][-]{section.2.2}{Compiling Binaries of the Example Package}{chapter.2}% 5
\BOOKMARK [1][-]{section.2.3}{Loading the Example Package}{chapter.2}% 6
\BOOKMARK [0][-]{appendix.A}{Guidelines for Writing a GAP Package}{}% 7
\BOOKMARK [1][-]{section.A.1}{Structure of a GAP Package}{appendix.A}% 8
\BOOKMARK [1][-]{section.A.2}{Writing Documentation and Tools Needed}{appendix.A}% 9
\BOOKMARK [1][-]{section.A.3}{An Example of a GAP Package}{appendix.A}% 10
\BOOKMARK [1][-]{section.A.4}{File Structure}{appendix.A}% 11
\BOOKMARK [1][-]{section.A.5}{The PackageInfo.g File}{appendix.A}% 12
\BOOKMARK [1][-]{section.A.6}{Functions and Variables and Choices of Their Names}{appendix.A}% 13
\BOOKMARK [1][-]{section.A.7}{Package Dependencies \(Requesting one GAP Package from within Another\)}{appendix.A}% 14
\BOOKMARK [1][-]{section.A.8}{Declaration and Implementation Part of a Package}{appendix.A}% 15
\BOOKMARK [1][-]{section.A.9}{Autoreadable Variables}{appendix.A}% 16
\BOOKMARK [1][-]{section.A.10}{Standalone Programs in a GAP Package}{appendix.A}% 17
\BOOKMARK [1][-]{section.A.11}{Having an InfoClass}{appendix.A}% 18
\BOOKMARK [1][-]{section.A.12}{The Banner}{appendix.A}% 19
\BOOKMARK [1][-]{section.A.13}{Version Numbers}{appendix.A}% 20
\BOOKMARK [1][-]{section.A.14}{Testing a GAP package}{appendix.A}% 21
\BOOKMARK [1][-]{section.A.15}{Access to the GAP Development Version}{appendix.A}% 22
\BOOKMARK [1][-]{section.A.16}{Selecting a license for a GAP Package}{appendix.A}% 23
\BOOKMARK [1][-]{section.A.17}{Wrapping up a GAP Package}{appendix.A}% 24
\BOOKMARK [1][-]{section.A.18}{The WWW Homepage of a Package}{appendix.A}% 25
\BOOKMARK [1][-]{section.A.19}{Upgrading the package to work with GAP 4.5}{appendix.A}% 26
\BOOKMARK [1][-]{section.A.20}{Checklists}{appendix.A}% 27
\BOOKMARK [0][-]{section*.4}{Index}{}% 28
