\BOOKMARK [0][-]{chapter.1}{Introduction}{}% 1
\BOOKMARK [1][-]{section.1.1}{What is the Role of the LocalizeRingForHomalg Package in the homalg Project?}{chapter.1}% 2
\BOOKMARK [1][-]{section.1.2}{Functionality}{chapter.1}% 3
\BOOKMARK [1][-]{section.1.3}{The Math Behind This Package}{chapter.1}% 4
\BOOKMARK [1][-]{section.1.4}{Which Ring to Use?}{chapter.1}% 5
\BOOKMARK [0][-]{chapter.2}{Installation of the LocalizeRingForHomalg Package}{}% 6
\BOOKMARK [0][-]{chapter.3}{Quick Start}{}% 7
\BOOKMARK [1][-]{section.3.1}{Localization of Z}{chapter.3}% 8
\BOOKMARK [0][-]{chapter.4}{Localize Rings}{}% 9
\BOOKMARK [1][-]{section.4.1}{Category and Representations}{chapter.4}% 10
\BOOKMARK [1][-]{section.4.2}{Rings: Attributes}{chapter.4}% 11
\BOOKMARK [1][-]{section.4.3}{Operations and Functions}{chapter.4}% 12
\BOOKMARK [0][-]{chapter.5}{Examples}{}% 13
\BOOKMARK [1][-]{section.5.1}{An Easy Polynomial Example}{chapter.5}% 14
\BOOKMARK [1][-]{section.5.2}{Hom\(Hom\(-,Z128\),Z16\)}{chapter.5}% 15
\BOOKMARK [1][-]{section.5.3}{ResidueClass}{chapter.5}% 16
\BOOKMARK [1][-]{section.5.4}{Testing the Intersection Formula}{chapter.5}% 17
\BOOKMARK [0][-]{appendix.A}{Overview of the LocalizeRingForHomalg Package Source Code}{}% 18
\BOOKMARK [1][-]{section.A.1}{The generic Methods}{appendix.A}% 19
\BOOKMARK [1][-]{section.A.2}{The Local Decide Zero trick}{appendix.A}% 20
\BOOKMARK [1][-]{section.A.3}{Tools}{appendix.A}% 21
\BOOKMARK [0][-]{appendix*.4}{References}{}% 22
\BOOKMARK [0][-]{section*.5}{Index}{}% 23
