\BOOKMARK [0][-]{chapter.1}{ The IntPic package }{}
\BOOKMARK [1][-]{section.1.1}{Overview and Introduction}{chapter.1}
\BOOKMARK [1][-]{section.1.2}{ Installing IntPic }{chapter.1}
\BOOKMARK [1][-]{section.1.3}{ Loading IntPic }{chapter.1}
\BOOKMARK [0][-]{chapter.2}{ The IntPic package main function }{}
\BOOKMARK [1][-]{section.2.1}{The main function}{chapter.2}
\BOOKMARK [1][-]{section.2.2}{Producing tables}{chapter.2}
\BOOKMARK [0][-]{chapter.3}{ The colors in the IntPic package }{}
\BOOKMARK [1][-]{section.3.1}{Colors by tones}{chapter.3}
\BOOKMARK [1][-]{section.3.2}{Lists of colors}{chapter.3}
\BOOKMARK [1][-]{section.3.3}{The IntPic default list of colors}{chapter.3}
\BOOKMARK [1][-]{section.3.4}{Functions to deal with colors}{chapter.3}
\BOOKMARK [0][-]{chapter.4}{Visualization of the pictures created}{}
\BOOKMARK [1][-]{section.4.1}{Viewing using Viz}{chapter.4}
\BOOKMARK [1][-]{section.4.2}{Viewing without using Viz}{chapter.4}
\BOOKMARK [1][-]{section.4.3}{Other examples of use of the IntPic package}{chapter.4}
\BOOKMARK [0][-]{chapter.5}{ The IntPic package options. }{}
\BOOKMARK [1][-]{section.5.1}{Available options}{chapter.5}
\BOOKMARK [1][-]{section.5.2}{Default options}{chapter.5}
\BOOKMARK [0][-]{chapter*.5}{References}{}
\BOOKMARK [0][-]{section*.6}{Index}{}
