\BOOKMARK [0][-]{chapter.1}{Introduction}{}% 1
\BOOKMARK [1][-]{section.1.1}{What is the goal of the Convex package?}{chapter.1}% 2
\BOOKMARK [0][-]{chapter.2}{Installation of the Convex Package}{}% 3
\BOOKMARK [0][-]{chapter.3}{Convex Objects}{}% 4
\BOOKMARK [1][-]{section.3.1}{Convex Objects: Category and Representations}{chapter.3}% 5
\BOOKMARK [1][-]{section.3.2}{Convex objects: Properties}{chapter.3}% 6
\BOOKMARK [1][-]{section.3.3}{Convex objects: Attributes}{chapter.3}% 7
\BOOKMARK [1][-]{section.3.4}{Convex objects: Methods}{chapter.3}% 8
\BOOKMARK [0][-]{chapter.4}{Fan}{}% 9
\BOOKMARK [1][-]{section.4.1}{Fan: Category and Representations}{chapter.4}% 10
\BOOKMARK [1][-]{section.4.2}{Fan: Properties}{chapter.4}% 11
\BOOKMARK [1][-]{section.4.3}{Fan: Attributes}{chapter.4}% 12
\BOOKMARK [1][-]{section.4.4}{Fan: Methods}{chapter.4}% 13
\BOOKMARK [1][-]{section.4.5}{Fan: Constructors}{chapter.4}% 14
\BOOKMARK [1][-]{section.4.6}{Fan: Examples}{chapter.4}% 15
\BOOKMARK [0][-]{chapter.5}{Cone}{}% 16
\BOOKMARK [1][-]{section.5.1}{Cone: Category and Representations}{chapter.5}% 17
\BOOKMARK [1][-]{section.5.2}{Cone: Properties}{chapter.5}% 18
\BOOKMARK [1][-]{section.5.3}{Cone: Attributes}{chapter.5}% 19
\BOOKMARK [1][-]{section.5.4}{Cone: Methods}{chapter.5}% 20
\BOOKMARK [1][-]{section.5.5}{Cone: Constructors}{chapter.5}% 21
\BOOKMARK [1][-]{section.5.6}{Cone: Examples}{chapter.5}% 22
\BOOKMARK [0][-]{chapter.6}{Polytope}{}% 23
\BOOKMARK [1][-]{section.6.1}{Polytope: Category and Representations}{chapter.6}% 24
\BOOKMARK [1][-]{section.6.2}{Polytope: Properties}{chapter.6}% 25
\BOOKMARK [1][-]{section.6.3}{Polytope: Attributes}{chapter.6}% 26
\BOOKMARK [1][-]{section.6.4}{Polytope: Methods}{chapter.6}% 27
\BOOKMARK [1][-]{section.6.5}{Polytope: Constructors}{chapter.6}% 28
\BOOKMARK [1][-]{section.6.6}{Polytope: Examples}{chapter.6}% 29
\BOOKMARK [0][-]{section*.4}{Index}{}% 30
