\BOOKMARK [0][-]{chapter.1}{Introduction}{}% 1
\BOOKMARK [1][-]{section.1.1}{What is the Role of the GradedRingForHomalg Package in the homalg Project?}{chapter.1}% 2
\BOOKMARK [1][-]{section.1.2}{Functionality}{chapter.1}% 3
\BOOKMARK [1][-]{section.1.3}{The Math Behind This Package}{chapter.1}% 4
\BOOKMARK [0][-]{chapter.2}{Installation of the GradedRingForHomalg Package}{}% 5
\BOOKMARK [0][-]{chapter.3}{Quick Start}{}% 6
\BOOKMARK [0][-]{chapter.4}{Graded Rings}{}% 7
\BOOKMARK [1][-]{section.4.1}{Graded Rings: Category and Representations}{chapter.4}% 8
\BOOKMARK [1][-]{section.4.2}{Graded Rings: Constructors}{chapter.4}% 9
\BOOKMARK [1][-]{section.4.3}{Graded Rings: Attributes}{chapter.4}% 10
\BOOKMARK [1][-]{section.4.4}{Graded Rings: Operations and Functions}{chapter.4}% 11
\BOOKMARK [0][-]{chapter.5}{Homogeneous Matrices}{}% 12
\BOOKMARK [1][-]{section.5.1}{Homogeneous Matrices: Category and Representations}{chapter.5}% 13
\BOOKMARK [1][-]{section.5.2}{Homogeneous Matrices: Constructors}{chapter.5}% 14
\BOOKMARK [1][-]{section.5.3}{Homogeneous Matrices: Attributes}{chapter.5}% 15
\BOOKMARK [1][-]{section.5.4}{Homogeneous Matrices: Operations and Functions}{chapter.5}% 16
\BOOKMARK [0][-]{chapter.6}{Examples}{}% 17
\BOOKMARK [0][-]{appendix.A}{The Matrix Tool Operations}{}% 18
\BOOKMARK [1][-]{section.A.1}{The Tool Operations without a Fallback Method}{appendix.A}% 19
\BOOKMARK [1][-]{section.A.2}{The Tool Operations with a Fallback Method}{appendix.A}% 20
\BOOKMARK [0][-]{appendix.B}{Overview of the GradedRingForHomalg Package Source Code}{}% 21
\BOOKMARK [1][-]{section.B.1}{The generic Methods}{appendix.B}% 22
\BOOKMARK [1][-]{section.B.2}{Tools}{appendix.B}% 23
\BOOKMARK [0][-]{appendix*.4}{References}{}% 24
\BOOKMARK [0][-]{section*.5}{Index}{}% 25
