#I  #I Composing XML document . . .

#I  #I Parsing XML document . . .

#I  #I Checking XML structure . . .

#I  #I Text version (also produces labels for hyperlinks):

#I  #I First run, collecting cross references, index, toc, bib and so on . . .

#I  #I Table of contents complete.

#I  #I Producing the index . . .

#I  #I Reading bibliography data files . . . 

#I  #I   BibXMLext format: ../manualbib.xml

#I  #I Writing bibliography . . .

#I  #I Second run through document . . .

#I  #I Producing simplified search strings and labels for hyperlinks . . .

#I  #I Constructing LaTeX version and calling pdflatex:

#I  #I Writing LaTeX file, 
#I  
#W WARNING: cannot find 'pdflatex', please install TeX.

#I  #W WARNING: will NOT produce pdf version from LaTeX file.

#I  #I Finally the HTML version . . .

#I  #I First run, collecting cross references, index, toc, bib and so on . . .

#I  #I Table of contents complete.

#I  #I Producing the index . . .

#I  #I Writing bibliography . . .

#I  #I Second run through document . . .

#I  #I - also HTML version for MathJax . . .

#I  #I First run, collecting cross references, index, toc, bib and so on . . .

#I  #I Table of contents complete.

#I  #I Producing the index . . .

#I  #I Writing bibliography . . .

#I  #I Second run through document . . .

#I  #I Composing XML document . . .

#I  #I Parsing XML document . . .

#I  #I Checking XML structure . . .

#I  #I Text version (also produces labels for hyperlinks):

#I  #I First run, collecting cross references, index, toc, bib and so on . . .

#I  #I Table of contents complete.

#I  #I Producing the index . . .

#I  #I Reading bibliography data files . . . 

#I  #I   BibXMLext format: ../manualbib.xml

#I  #I Writing bibliography . . .

#I  #I Second run through document . . .

#I  #I Producing simplified search strings and labels for hyperlinks . . .

#I  #I Constructing LaTeX version and calling pdflatex:

#I  #I Writing LaTeX file, 
#I  
#W WARNING: cannot find 'pdflatex', please install TeX.

#I  #W WARNING: will NOT produce pdf version from LaTeX file.

#I  #I Finally the HTML version . . .

#I  #I First run, collecting cross references, index, toc, bib and so on . . .

#I  #I Table of contents complete.

#I  #I Producing the index . . .

#I  #I Writing bibliography . . .

#I  #I Second run through document . . .

#I  #I - also HTML version for MathJax . . .

#I  #I First run, collecting cross references, index, toc, bib and so on . . .

#I  #I Table of contents complete.

#I  #I Producing the index . . .

#I  #I Writing bibliography . . .

#I  #I Second run through document . . .

#I  File: manual.lab written.
