\BOOKMARK [0][-]{chapter.1}{Introduction}{}% 1
\BOOKMARK [0][-]{chapter.2}{Rewriting Systems}{}% 2
\BOOKMARK [1][-]{section.2.1}{Identity Y-sequences}{chapter.2}% 3
\BOOKMARK [1][-]{section.2.2}{Monoid Presentations of FpGroups}{chapter.2}% 4
\BOOKMARK [1][-]{section.2.3}{Rewriting systems for FpGroups}{chapter.2}% 5
\BOOKMARK [1][-]{section.2.4}{Enumerating elements}{chapter.2}% 6
\BOOKMARK [0][-]{chapter.3}{Logged Rewriting Systems}{}% 7
\BOOKMARK [1][-]{section.3.1}{Logged Knuth-Bendix Completion}{chapter.3}% 8
\BOOKMARK [1][-]{section.3.2}{Logged reduction of a word}{chapter.3}% 9
\BOOKMARK [0][-]{chapter.4}{Monoid Polynomials}{}% 10
\BOOKMARK [1][-]{section.4.1}{Construction of monoid polynomials}{chapter.4}% 11
\BOOKMARK [1][-]{section.4.2}{Components of a polynomial}{chapter.4}% 12
\BOOKMARK [1][-]{section.4.3}{Monoid Polynomial Operations}{chapter.4}% 13
\BOOKMARK [1][-]{section.4.4}{Reduction of a Monoid Polynomial}{chapter.4}% 14
\BOOKMARK [0][-]{chapter.5}{Module Polynomials}{}% 15
\BOOKMARK [1][-]{section.5.1}{Construction of module polynomials}{chapter.5}% 16
\BOOKMARK [1][-]{section.5.2}{Components of a module polynomial}{chapter.5}% 17
\BOOKMARK [1][-]{section.5.3}{Module Polynomial Operations}{chapter.5}% 18
\BOOKMARK [1][-]{section.5.4}{Identities among relators}{chapter.5}% 19
\BOOKMARK [0][-]{chapter*.5}{References}{}% 20
\BOOKMARK [0][-]{section*.6}{Index}{}% 21
