\BOOKMARK [0][-]{chapter.1}{Decomposition numbers of Hecke algebras of type A}{}% 1
\BOOKMARK [1][-]{section.1.1}{Description}{chapter.1}% 2
\BOOKMARK [1][-]{section.1.2}{The modular representation theory of Hecke algebras}{chapter.1}% 3
\BOOKMARK [1][-]{section.1.3}{Two small examples}{chapter.1}% 4
\BOOKMARK [1][-]{section.1.4}{Overview over this manual}{chapter.1}% 5
\BOOKMARK [1][-]{section.1.5}{Credits}{chapter.1}% 6
\BOOKMARK [0][-]{chapter.2}{Installation of the hecke-Package}{}% 7
\BOOKMARK [0][-]{chapter.3}{Specht functionality}{}% 8
\BOOKMARK [1][-]{section.3.1}{Porting notes}{chapter.3}% 9
\BOOKMARK [1][-]{section.3.2}{Specht functions}{chapter.3}% 10
\BOOKMARK [1][-]{section.3.3}{Partitions in Hecke}{chapter.3}% 11
\BOOKMARK [1][-]{section.3.4}{Inducing and restricting modules}{chapter.3}% 12
\BOOKMARK [1][-]{section.3.5}{Operations on decomposition matrices}{chapter.3}% 13
\BOOKMARK [1][-]{section.3.6}{Calculating dimensions}{chapter.3}% 14
\BOOKMARK [1][-]{section.3.7}{Combinatorics on Young diagrams}{chapter.3}% 15
\BOOKMARK [1][-]{section.3.8}{Operations on partitions}{chapter.3}% 16
\BOOKMARK [1][-]{section.3.9}{Miscellaneous functions on modules}{chapter.3}% 17
\BOOKMARK [1][-]{section.3.10}{Semi-standard and standard tableaux}{chapter.3}% 18
\BOOKMARK [0][-]{chapter*.3}{References}{}% 19
\BOOKMARK [0][-]{section*.4}{Index}{}% 20
