\BOOKMARK [0][-]{chapter.1}{Introduction}{}% 1
\BOOKMARK [1][-]{section.1.1}{What is the goal of the ToricVarieties package?}{chapter.1}% 2
\BOOKMARK [0][-]{chapter.2}{Installation of the ToricVarieties Package}{}% 3
\BOOKMARK [0][-]{chapter.3}{Toric varieties}{}% 4
\BOOKMARK [1][-]{section.3.1}{Toric variety: Category and Representations}{chapter.3}% 5
\BOOKMARK [1][-]{section.3.2}{Toric varieties: Properties}{chapter.3}% 6
\BOOKMARK [1][-]{section.3.3}{Toric varieties: Attributes}{chapter.3}% 7
\BOOKMARK [1][-]{section.3.4}{Toric varieties: Methods}{chapter.3}% 8
\BOOKMARK [1][-]{section.3.5}{Toric varieties: Constructors}{chapter.3}% 9
\BOOKMARK [1][-]{section.3.6}{Toric varieties: Examples}{chapter.3}% 10
\BOOKMARK [0][-]{chapter.4}{Toric subvarieties}{}% 11
\BOOKMARK [1][-]{section.4.1}{Toric subvarieties: Category and Representations}{chapter.4}% 12
\BOOKMARK [1][-]{section.4.2}{Toric subvarieties: Properties}{chapter.4}% 13
\BOOKMARK [1][-]{section.4.3}{Toric subvarieties: Attributes}{chapter.4}% 14
\BOOKMARK [1][-]{section.4.4}{Toric subvarieties: Methods}{chapter.4}% 15
\BOOKMARK [1][-]{section.4.5}{Toric subvarieties: Constructors}{chapter.4}% 16
\BOOKMARK [0][-]{chapter.5}{Affine toric varieties}{}% 17
\BOOKMARK [1][-]{section.5.1}{Affine toric varieties: Category and Representations}{chapter.5}% 18
\BOOKMARK [1][-]{section.5.2}{Affine toric varieties: Properties}{chapter.5}% 19
\BOOKMARK [1][-]{section.5.3}{Affine toric varieties: Attributes}{chapter.5}% 20
\BOOKMARK [1][-]{section.5.4}{Affine toric varieties: Methods}{chapter.5}% 21
\BOOKMARK [1][-]{section.5.5}{Affine toric varieties: Constructors}{chapter.5}% 22
\BOOKMARK [1][-]{section.5.6}{Affine toric Varieties: Examples}{chapter.5}% 23
\BOOKMARK [0][-]{chapter.6}{Projective toric varieties}{}% 24
\BOOKMARK [1][-]{section.6.1}{Projective toric varieties: Category and Representations}{chapter.6}% 25
\BOOKMARK [1][-]{section.6.2}{Projective toric varieties: Properties}{chapter.6}% 26
\BOOKMARK [1][-]{section.6.3}{Projective toric varieties: Attributes}{chapter.6}% 27
\BOOKMARK [1][-]{section.6.4}{Projective toric varieties: Methods}{chapter.6}% 28
\BOOKMARK [1][-]{section.6.5}{Projective toric varieties: Constructors}{chapter.6}% 29
\BOOKMARK [1][-]{section.6.6}{Projective toric varieties: Examples}{chapter.6}% 30
\BOOKMARK [0][-]{chapter.7}{Toric morphisms}{}% 31
\BOOKMARK [1][-]{section.7.1}{Toric morphisms: Category and Representations}{chapter.7}% 32
\BOOKMARK [1][-]{section.7.2}{Toric morphisms: Properties}{chapter.7}% 33
\BOOKMARK [1][-]{section.7.3}{Toric morphisms: Attributes}{chapter.7}% 34
\BOOKMARK [1][-]{section.7.4}{Toric morphisms: Methods}{chapter.7}% 35
\BOOKMARK [1][-]{section.7.5}{Toric morphisms: Constructors}{chapter.7}% 36
\BOOKMARK [1][-]{section.7.6}{Toric morphisms: Examples}{chapter.7}% 37
\BOOKMARK [0][-]{chapter.8}{Toric divisors}{}% 38
\BOOKMARK [1][-]{section.8.1}{Toric divisors: Category and Representations}{chapter.8}% 39
\BOOKMARK [1][-]{section.8.2}{Toric divisors: Properties}{chapter.8}% 40
\BOOKMARK [1][-]{section.8.3}{Toric divisors: Attributes}{chapter.8}% 41
\BOOKMARK [1][-]{section.8.4}{Toric divisors: Methods}{chapter.8}% 42
\BOOKMARK [1][-]{section.8.5}{Toric divisors: Constructors}{chapter.8}% 43
\BOOKMARK [1][-]{section.8.6}{Toric divisors: Examples}{chapter.8}% 44
\BOOKMARK [0][-]{section*.4}{Index}{}% 45
