\BOOKMARK [0][-]{chapter.1}{Preface}{}% 1
\BOOKMARK [0][-]{chapter.2}{Introduction to polycyclic presentations}{}% 2
\BOOKMARK [0][-]{chapter.3}{Collectors}{}% 3
\BOOKMARK [1][-]{section.3.1}{Constructing a Collector}{chapter.3}% 4
\BOOKMARK [1][-]{section.3.2}{Accessing Parts of a Collector}{chapter.3}% 5
\BOOKMARK [1][-]{section.3.3}{Special Features}{chapter.3}% 6
\BOOKMARK [0][-]{chapter.4}{Pcp-groups - polycyclically presented groups}{}% 7
\BOOKMARK [1][-]{section.4.1}{Pcp-elements \205 elements of a pc-presented group}{chapter.4}% 8
\BOOKMARK [1][-]{section.4.2}{Methods for pcp-elements}{chapter.4}% 9
\BOOKMARK [1][-]{section.4.3}{Pcp-groups - groups of pcp-elements}{chapter.4}% 10
\BOOKMARK [0][-]{chapter.5}{Basic methods and functions for pcp-groups}{}% 11
\BOOKMARK [1][-]{section.5.1}{Elementary methods for pcp-groups}{chapter.5}% 12
\BOOKMARK [1][-]{section.5.2}{Elementary properties of pcp-groups}{chapter.5}% 13
\BOOKMARK [1][-]{section.5.3}{Subgroups of pcp-groups}{chapter.5}% 14
\BOOKMARK [1][-]{section.5.4}{Polycyclic presentation sequences for subfactors}{chapter.5}% 15
\BOOKMARK [1][-]{section.5.5}{Factor groups of pcp-groups}{chapter.5}% 16
\BOOKMARK [1][-]{section.5.6}{Homomorphisms for pcp-groups}{chapter.5}% 17
\BOOKMARK [1][-]{section.5.7}{Changing the defining pc-presentation}{chapter.5}% 18
\BOOKMARK [1][-]{section.5.8}{Printing a pc-presentation}{chapter.5}% 19
\BOOKMARK [1][-]{section.5.9}{Converting to and from a presentation}{chapter.5}% 20
\BOOKMARK [0][-]{chapter.6}{Libraries and examples of pcp-groups}{}% 21
\BOOKMARK [1][-]{section.6.1}{Libraries of various types of polycyclic groups}{chapter.6}% 22
\BOOKMARK [1][-]{section.6.2}{Some assorted example groups}{chapter.6}% 23
\BOOKMARK [0][-]{chapter.7}{Higher level methods for pcp-groups}{}% 24
\BOOKMARK [1][-]{section.7.1}{Subgroup series in pcp-groups}{chapter.7}% 25
\BOOKMARK [1][-]{section.7.2}{Orbit stabilizer methods for pcp-groups}{chapter.7}% 26
\BOOKMARK [1][-]{section.7.3}{Centralizers, Normalizers and Intersections}{chapter.7}% 27
\BOOKMARK [1][-]{section.7.4}{Finite subgroups}{chapter.7}% 28
\BOOKMARK [1][-]{section.7.5}{Subgroups of finite index and maximal subgroups}{chapter.7}% 29
\BOOKMARK [1][-]{section.7.6}{Further attributes for pcp-groups based on the Fitting subgroup}{chapter.7}% 30
\BOOKMARK [1][-]{section.7.7}{Functions for nilpotent groups}{chapter.7}% 31
\BOOKMARK [1][-]{section.7.8}{Random methods for pcp-groups}{chapter.7}% 32
\BOOKMARK [1][-]{section.7.9}{Non-abelian tensor product and Schur extensions}{chapter.7}% 33
\BOOKMARK [1][-]{section.7.10}{Schur covers and Schur towers}{chapter.7}% 34
\BOOKMARK [0][-]{chapter.8}{Cohomology for pcp-groups}{}% 35
\BOOKMARK [1][-]{section.8.1}{Cohomology records}{chapter.8}% 36
\BOOKMARK [1][-]{section.8.2}{Cohomology groups}{chapter.8}% 37
\BOOKMARK [1][-]{section.8.3}{Extended 1-cohomology}{chapter.8}% 38
\BOOKMARK [1][-]{section.8.4}{Extensions and Complements}{chapter.8}% 39
\BOOKMARK [1][-]{section.8.5}{Constructing pcp groups as extensions}{chapter.8}% 40
\BOOKMARK [0][-]{chapter.9}{Matrix Representations}{}% 41
\BOOKMARK [1][-]{section.9.1}{Unitriangular matrix groups}{chapter.9}% 42
\BOOKMARK [1][-]{section.9.2}{Upper unitriangular matrix groups}{chapter.9}% 43
\BOOKMARK [0][-]{appendix.A}{Obsolete Functions and Name Changes}{}% 44
\BOOKMARK [0][-]{appendix*.4}{References}{}% 45
\BOOKMARK [0][-]{section*.5}{Index}{}% 46
