\BOOKMARK [0][-]{chapter.1}{Preface}{}
\BOOKMARK [0][-]{chapter.2}{Installation}{}
\BOOKMARK [1][-]{section.2.1}{Installation and system requirements}{chapter.2}
\BOOKMARK [1][-]{section.2.2}{Configuration files}{chapter.2}
\BOOKMARK [0][-]{chapter.3}{Using streams}{}
\BOOKMARK [1][-]{section.3.1}{Input-output TCP streams}{chapter.3}
\BOOKMARK [1][-]{section.3.2}{Example of client-server communication via input-output TCP streams}{chapter.3}
\BOOKMARK [0][-]{chapter.4}{Message exchange by SCSCP}{}
\BOOKMARK [1][-]{section.4.1}{Communication with the SCSCP server}{chapter.4}
\BOOKMARK [1][-]{section.4.2}{Communication with the SCSCP client}{chapter.4}
\BOOKMARK [1][-]{section.4.3}{Example: SCSCP session}{chapter.4}
\BOOKMARK [0][-]{chapter.5}{Running SCSCP server}{}
\BOOKMARK [1][-]{section.5.1}{Installation of SCSCP procedures}{chapter.5}
\BOOKMARK [1][-]{section.5.2}{Starting SCSCP server}{chapter.5}
\BOOKMARK [1][-]{section.5.3}{Procedures to get information about the SCSCP server}{chapter.5}
\BOOKMARK [0][-]{chapter.6}{Client's functionality}{}
\BOOKMARK [1][-]{section.6.1}{SCSCP connections}{chapter.6}
\BOOKMARK [1][-]{section.6.2}{Processes}{chapter.6}
\BOOKMARK [1][-]{section.6.3}{All-in-one tool: sending request and getting result}{chapter.6}
\BOOKMARK [1][-]{section.6.4}{Switching between Binary and XML OpenMath Encodings}{chapter.6}
\BOOKMARK [1][-]{section.6.5}{Remote objects}{chapter.6}
\BOOKMARK [0][-]{chapter.7}{Examples of SCSCP usage}{}
\BOOKMARK [1][-]{section.7.1}{Providing services with the SCSCP package}{chapter.7}
\BOOKMARK [1][-]{section.7.2}{Identifying groups of order 512}{chapter.7}
\BOOKMARK [0][-]{chapter.8}{Parallel computing with SCSCP}{}
\BOOKMARK [1][-]{section.8.1}{Managing multiple requests}{chapter.8}
\BOOKMARK [1][-]{section.8.2}{MasterWorker skeleton}{chapter.8}
\BOOKMARK [1][-]{section.8.3}{Example: parallelising Karatsuba multiplication for polynomials}{chapter.8}
\BOOKMARK [0][-]{chapter.9}{Service functions}{}
\BOOKMARK [1][-]{section.9.1}{Pinging SCSCP servers}{chapter.9}
\BOOKMARK [1][-]{section.9.2}{Info classes for SCSCP}{chapter.9}
\BOOKMARK [1][-]{section.9.3}{Other SCSCP Utilities}{chapter.9}
\BOOKMARK [0][-]{chapter*.6}{References}{}
\BOOKMARK [0][-]{section*.7}{Index}{}
