\BOOKMARK [0][-]{chapter.1}{Introduction}{}
\BOOKMARK [0][-]{chapter.2}{Rewriting Systems}{}
\BOOKMARK [1][-]{section.2.1}{Identity Y-sequences}{chapter.2}
\BOOKMARK [1][-]{section.2.2}{Monoid Presentations of FpGroups}{chapter.2}
\BOOKMARK [1][-]{section.2.3}{Rewriting systems for FpGroups}{chapter.2}
\BOOKMARK [1][-]{section.2.4}{Enumerating elements}{chapter.2}
\BOOKMARK [0][-]{chapter.3}{Logged Rewriting Systems}{}
\BOOKMARK [1][-]{section.3.1}{Logged Knuth-Bendix Completion}{chapter.3}
\BOOKMARK [1][-]{section.3.2}{Logged reduction of a word}{chapter.3}
\BOOKMARK [0][-]{chapter.4}{Monoid Polynomials}{}
\BOOKMARK [1][-]{section.4.1}{Construction of monoid polynomials}{chapter.4}
\BOOKMARK [1][-]{section.4.2}{Components of a polynomial}{chapter.4}
\BOOKMARK [1][-]{section.4.3}{Monoid Polynomial Operations}{chapter.4}
\BOOKMARK [1][-]{section.4.4}{Reduction of a Monoid Polynomial}{chapter.4}
\BOOKMARK [0][-]{chapter.5}{Module Polynomials}{}
\BOOKMARK [1][-]{section.5.1}{Construction of module polynomials}{chapter.5}
\BOOKMARK [1][-]{section.5.2}{Components of a module polynomial}{chapter.5}
\BOOKMARK [1][-]{section.5.3}{Module Polynomial Operations}{chapter.5}
\BOOKMARK [1][-]{section.5.4}{Identities among relators}{chapter.5}
\BOOKMARK [0][-]{chapter*.5}{References}{}
\BOOKMARK [0][-]{section*.6}{Index}{}
