\BOOKMARK [0][-]{chapter.1}{Introduction and Overview}{}
\BOOKMARK [1][-]{section.1.1}{Introduction}{chapter.1}
\BOOKMARK [1][-]{section.1.2}{Overview}{chapter.1}
\BOOKMARK [1][-]{section.1.3}{User preferences provided by the Browse package}{chapter.1}
\BOOKMARK [0][-]{chapter.2}{Interface to the ncurses Library}{}
\BOOKMARK [1][-]{section.2.1}{The ncurses Library}{chapter.2}
\BOOKMARK [1][-]{section.2.2}{The ncurses GAP functions}{chapter.2}
\BOOKMARK [0][-]{chapter.3}{Utilities using ncurses}{}
\BOOKMARK [1][-]{section.3.1}{ncurses utilities}{chapter.3}
\BOOKMARK [1][-]{section.3.2}{A Demo Function}{chapter.3}
\BOOKMARK [0][-]{chapter.4}{Browsing Tables in GAP using ncurses \205The User Interface}{}
\BOOKMARK [1][-]{section.4.1}{Features Supported by the Function NCurses.BrowseGeneric }{chapter.4}
\BOOKMARK [1][-]{section.4.2}{Data Structures used by NCurses.BrowseGeneric}{chapter.4}
\BOOKMARK [1][-]{section.4.3}{The Function NCurses.BrowseGeneric}{chapter.4}
\BOOKMARK [0][-]{chapter.5}{Browsing Tables in GAP using ncurses \205The Programming Interface}{}
\BOOKMARK [1][-]{section.5.1}{Navigation Steps in Browse Tables}{chapter.5}
\BOOKMARK [1][-]{section.5.2}{Modes in Browse Tables}{chapter.5}
\BOOKMARK [1][-]{section.5.3}{Browse Applications}{chapter.5}
\BOOKMARK [1][-]{section.5.4}{Predefined Browse Functionalities}{chapter.5}
\BOOKMARK [0][-]{chapter.6}{Examples of Applications based on NCurses.BrowseGeneric }{}
\BOOKMARK [1][-]{section.6.1}{The Operation Browse}{chapter.6}
\BOOKMARK [1][-]{section.6.2}{Matrix Display}{chapter.6}
\BOOKMARK [1][-]{section.6.3}{Character Table Display}{chapter.6}
\BOOKMARK [1][-]{section.6.4}{Table of Marks Display}{chapter.6}
\BOOKMARK [1][-]{section.6.5}{Table of Contents of AtlasRep}{chapter.6}
\BOOKMARK [1][-]{section.6.6}{Access to GAP Manuals\205a Variant}{chapter.6}
\BOOKMARK [1][-]{section.6.7}{Overview of the GAP Bibliography}{chapter.6}
\BOOKMARK [1][-]{section.6.8}{Profiling GAP functions\205a Variant}{chapter.6}
\BOOKMARK [1][-]{section.6.9}{Variables defined in GAP packages\205a Variant}{chapter.6}
\BOOKMARK [1][-]{section.6.10}{Configuring User preferences\205a Variant}{chapter.6}
\BOOKMARK [1][-]{section.6.11}{Overview of GAP Data}{chapter.6}
\BOOKMARK [1][-]{section.6.12}{Navigating in a Directory Tree}{chapter.6}
\BOOKMARK [1][-]{section.6.13}{A Puzzle}{chapter.6}
\BOOKMARK [1][-]{section.6.14}{Peg Solitaire}{chapter.6}
\BOOKMARK [1][-]{section.6.15}{Rubik's Cube}{chapter.6}
\BOOKMARK [1][-]{section.6.16}{Changing Sides}{chapter.6}
\BOOKMARK [1][-]{section.6.17}{Sudoku}{chapter.6}
\BOOKMARK [0][-]{appendix.A}{Some Tools for Database Handling}{}
\BOOKMARK [1][-]{section.A.1}{GAP Objects for Database Handling}{appendix.A}
\BOOKMARK [1][-]{section.A.2}{Using Database Attributes for Browse Tables}{appendix.A}
\BOOKMARK [1][-]{section.A.3}{Example: Database Id Enumerators and Database Attributes}{appendix.A}
\BOOKMARK [1][-]{section.A.4}{Example: An Overview of the GAP Library of Transitive Groups }{appendix.A}
\BOOKMARK [1][-]{section.A.5}{Example: An Overview of the GAP Library of Tables of Marks }{appendix.A}
\BOOKMARK [0][-]{appendix*.3}{References}{}
\BOOKMARK [0][-]{section*.4}{Index}{}
