\BOOKMARK [0][-]{chapter.1}{Introduction}{}% 1
\BOOKMARK [1][-]{section.1.1}{What is the role of the ToolsForHomalg package in the homalg project?}{chapter.1}% 2
\BOOKMARK [0][-]{chapter.2}{Installation of the ToolsForHomalg Package}{}% 3
\BOOKMARK [0][-]{chapter.3}{ToDo-list}{}% 4
\BOOKMARK [1][-]{section.3.1}{Blueprints}{chapter.3}% 5
\BOOKMARK [1][-]{section.3.2}{ToDo-list entries}{chapter.3}% 6
\BOOKMARK [1][-]{section.3.3}{Category}{chapter.3}% 7
\BOOKMARK [1][-]{section.3.4}{Constructor}{chapter.3}% 8
\BOOKMARK [1][-]{section.3.5}{This is the magic}{chapter.3}% 9
\BOOKMARK [1][-]{section.3.6}{Methods for all objects}{chapter.3}% 10
\BOOKMARK [1][-]{section.3.7}{Proof tracking}{chapter.3}% 11
\BOOKMARK [1][-]{section.3.8}{Maintainance}{chapter.3}% 12
\BOOKMARK [0][-]{chapter.4}{ToolsForHomalg automatic generated documentation}{}% 13
\BOOKMARK [1][-]{section.4.1}{ToolsForHomalg automatic generated documentation of global variables}{chapter.4}% 14
\BOOKMARK [0][-]{chapter.5}{Basics}{}% 15
\BOOKMARK [1][-]{section.5.1}{Categories}{chapter.5}% 16
\BOOKMARK [0][-]{chapter.6}{Pointers}{}% 17
\BOOKMARK [1][-]{section.6.1}{Weak pointer objects}{chapter.6}% 18
\BOOKMARK [1][-]{section.6.2}{Pointer objects}{chapter.6}% 19
\BOOKMARK [0][-]{chapter.7}{Tools}{}% 20
\BOOKMARK [1][-]{section.7.1}{Functions}{chapter.7}% 21
\BOOKMARK [1][-]{section.7.2}{Examplefunctions}{chapter.7}% 22
\BOOKMARK [0][-]{chapter.8}{Trees}{}% 23
\BOOKMARK [1][-]{section.8.1}{Trees}{chapter.8}% 24
\BOOKMARK [0][-]{chapter*.3}{References}{}% 25
\BOOKMARK [0][-]{section*.4}{Index}{}% 26
