\BOOKMARK [0][-]{chapter.1}{The Semigroups package}{}% 1
\BOOKMARK [1][-]{section.1.1}{Introduction}{chapter.1}% 2
\BOOKMARK [1][-]{section.1.2}{Installing the Semigroups package}{chapter.1}% 3
\BOOKMARK [1][-]{section.1.3}{Compiling the documentation}{chapter.1}% 4
\BOOKMARK [1][-]{section.1.4}{Testing the installation}{chapter.1}% 5
\BOOKMARK [1][-]{section.1.5}{More information during a computation}{chapter.1}% 6
\BOOKMARK [1][-]{section.1.6}{Reading and writing elements to a file}{chapter.1}% 7
\BOOKMARK [0][-]{chapter.2}{Creating semigroups and monoids}{}% 8
\BOOKMARK [1][-]{section.2.1}{Random semigroups}{chapter.2}% 9
\BOOKMARK [1][-]{section.2.2}{New semigroups from old}{chapter.2}% 10
\BOOKMARK [1][-]{section.2.3}{Options when creating semigroups}{chapter.2}% 11
\BOOKMARK [1][-]{section.2.4}{Changing the representation of a semigroup}{chapter.2}% 12
\BOOKMARK [1][-]{section.2.5}{Standard examples}{chapter.2}% 13
\BOOKMARK [0][-]{chapter.3}{Ideals}{}% 14
\BOOKMARK [1][-]{section.3.1}{Creating ideals}{chapter.3}% 15
\BOOKMARK [1][-]{section.3.2}{Attributes of ideals}{chapter.3}% 16
\BOOKMARK [0][-]{chapter.4}{ Determining the structure of a semigroup }{}% 17
\BOOKMARK [1][-]{section.4.1}{Expressing semigroup elements as words in generators}{chapter.4}% 18
\BOOKMARK [1][-]{section.4.2}{Creating Green's classes}{chapter.4}% 19
\BOOKMARK [1][-]{section.4.3}{Iterators and enumerators of classes and representatives }{chapter.4}% 20
\BOOKMARK [1][-]{section.4.4}{Attributes and properties directly related to Green's classes}{chapter.4}% 21
\BOOKMARK [1][-]{section.4.5}{Further attributes of semigroups}{chapter.4}% 22
\BOOKMARK [1][-]{section.4.6}{Further properties of semigroups}{chapter.4}% 23
\BOOKMARK [1][-]{section.4.7}{Properties and attributes of inverse semigroups}{chapter.4}% 24
\BOOKMARK [1][-]{section.4.8}{Visualising the structure of a semigroup}{chapter.4}% 25
\BOOKMARK [0][-]{chapter.5}{ Bipartitions and blocks }{}% 26
\BOOKMARK [1][-]{section.5.1}{The family and categories of bipartitions}{chapter.5}% 27
\BOOKMARK [1][-]{section.5.2}{Creating bipartitions}{chapter.5}% 28
\BOOKMARK [1][-]{section.5.3}{Changing the representation of a bipartition}{chapter.5}% 29
\BOOKMARK [1][-]{section.5.4}{Operators for bipartitions}{chapter.5}% 30
\BOOKMARK [1][-]{section.5.5}{Attributes for bipartitons}{chapter.5}% 31
\BOOKMARK [1][-]{section.5.6}{Creating blocks and their attributes}{chapter.5}% 32
\BOOKMARK [1][-]{section.5.7}{Actions on blocks}{chapter.5}% 33
\BOOKMARK [1][-]{section.5.8}{Visualising blocks and bipartitions}{chapter.5}% 34
\BOOKMARK [1][-]{section.5.9}{Semigroups of bipartitions}{chapter.5}% 35
\BOOKMARK [0][-]{chapter.6}{Free inverse semigroups}{}% 36
\BOOKMARK [1][-]{section.6.1}{Creating free inverse semigroups}{chapter.6}% 37
\BOOKMARK [1][-]{section.6.2}{Displaying free inverse semigroup elements}{chapter.6}% 38
\BOOKMARK [1][-]{section.6.3}{Operators and operations for free inverse semigroup elements }{chapter.6}% 39
\BOOKMARK [0][-]{chapter.7}{Congruences}{}% 40
\BOOKMARK [1][-]{section.7.1}{Congruence classes}{chapter.7}% 41
\BOOKMARK [1][-]{section.7.2}{Congruence on Rees matrix semigroups}{chapter.7}% 42
\BOOKMARK [1][-]{section.7.3}{Universal congruences}{chapter.7}% 43
\BOOKMARK [0][-]{chapter.8}{Homomorphisms}{}% 44
\BOOKMARK [1][-]{section.8.1}{Isomorphisms}{chapter.8}% 45
\BOOKMARK [0][-]{chapter.9}{ Orbits }{}% 46
\BOOKMARK [1][-]{section.9.1}{Looking for something in an orbit}{chapter.9}% 47
\BOOKMARK [1][-]{section.9.2}{Strongly connected components of orbits}{chapter.9}% 48
\BOOKMARK [0][-]{chapter*.5}{References}{}% 49
\BOOKMARK [0][-]{section*.6}{Index}{}% 50
