\BOOKMARK [0][-]{chapter.1}{Sectioning Elements}{}% 1
\BOOKMARK [1][-]{section.1.1}{Normal subsections}{chapter.1}% 2
\BOOKMARK [1][-]{section.1.2}{ManSections}{chapter.1}% 3
\BOOKMARK [0][-]{chapter.2}{Other Markup}{}% 4
\BOOKMARK [1][-]{section.2.1}{Various types of text}{chapter.2}% 5
\BOOKMARK [1][-]{section.2.2}{Formulae}{chapter.2}% 6
\BOOKMARK [1][-]{section.2.3}{Crossreferencing}{chapter.2}% 7
\BOOKMARK [1][-]{section.2.4}{Lists and Tables}{chapter.2}% 8
\BOOKMARK [1][-]{section.2.5}{Entities and Special Characters}{chapter.2}% 9
\BOOKMARK [0][-]{appendix.A}{An Appendix}{}% 10
\BOOKMARK [0][-]{appendix.B}{The Source}{}% 11
\BOOKMARK [1][-]{section.B.1}{TitlePage \(Source\)}{appendix.B}% 12
\BOOKMARK [1][-]{section.B.2}{Before First Chapter \(Source\)}{appendix.B}% 13
\BOOKMARK [1][-]{section.B.3}{First Chapter \(Source\)}{appendix.B}% 14
\BOOKMARK [1][-]{section.B.4}{ManSections \(Source\)}{appendix.B}% 15
\BOOKMARK [1][-]{section.B.5}{Various Types of Text \(Source\)}{appendix.B}% 16
\BOOKMARK [1][-]{section.B.6}{Verbatim-like text \(Source\)}{appendix.B}% 17
\BOOKMARK [1][-]{section.B.7}{Formulae \(Source\)}{appendix.B}% 18
\BOOKMARK [1][-]{section.B.8}{Crossreferencing \(Source\)}{appendix.B}% 19
\BOOKMARK [1][-]{section.B.9}{Lists and Tables \(Source\)}{appendix.B}% 20
\BOOKMARK [1][-]{section.B.10}{Entities and Special Characters \(Source\)}{appendix.B}% 21
\BOOKMARK [1][-]{section.B.11}{Appendix \(Source\)}{appendix.B}% 22
\BOOKMARK [0][-]{appendix*.6}{References}{}% 23
\BOOKMARK [0][-]{section*.7}{Index}{}% 24
