\BOOKMARK [0][-]{chapter.1}{Introduction}{}% 1
\BOOKMARK [0][-]{chapter.2}{Installation of the GradedModules Package}{}% 2
\BOOKMARK [0][-]{chapter.3}{Quick Start}{}% 3
\BOOKMARK [0][-]{chapter.4}{Ring Maps}{}% 4
\BOOKMARK [1][-]{section.4.1}{Ring Maps: Attributes}{chapter.4}% 5
\BOOKMARK [1][-]{section.4.2}{Ring Maps: Operations and Functions}{chapter.4}% 6
\BOOKMARK [0][-]{chapter.5}{GradedModules}{}% 7
\BOOKMARK [1][-]{section.5.1}{GradedModules: Category and Representations}{chapter.5}% 8
\BOOKMARK [1][-]{section.5.2}{GradedModules: Constructors}{chapter.5}% 9
\BOOKMARK [1][-]{section.5.3}{GradedModules: Properties}{chapter.5}% 10
\BOOKMARK [1][-]{section.5.4}{GradedModules: Attributes}{chapter.5}% 11
\BOOKMARK [1][-]{section.5.5}{LISHV: Logical Implications for GradedModules}{chapter.5}% 12
\BOOKMARK [1][-]{section.5.6}{GradedModules: Operations and Functions}{chapter.5}% 13
\BOOKMARK [0][-]{chapter.6}{The Tate Resolution}{}% 14
\BOOKMARK [1][-]{section.6.1}{The Tate Resolution: Operations and Functions}{chapter.6}% 15
\BOOKMARK [0][-]{chapter.7}{Examples}{}% 16
\BOOKMARK [1][-]{section.7.1}{Betti Diagrams}{chapter.7}% 17
\BOOKMARK [1][-]{section.7.2}{Commutative Algebra}{chapter.7}% 18
\BOOKMARK [1][-]{section.7.3}{Global Section Modules of the Induced Sheaves}{chapter.7}% 19
\BOOKMARK [0][-]{appendix.A}{Overview of the GradedModules Package Source Code}{}% 20
\BOOKMARK [0][-]{appendix*.4}{References}{}% 21
\BOOKMARK [0][-]{section*.5}{Index}{}% 22
