\BOOKMARK [0][-]{chapter.1}{Introduction and Example}{}% 1
\BOOKMARK [1][-]{section.1.1}{XML}{chapter.1}% 2
\BOOKMARK [1][-]{section.1.2}{A complete example}{chapter.1}% 3
\BOOKMARK [1][-]{section.1.3}{Some questions}{chapter.1}% 4
\BOOKMARK [0][-]{chapter.2}{How To Type a GAPDoc Document}{}% 5
\BOOKMARK [1][-]{section.2.1}{General XML Syntax}{chapter.2}% 6
\BOOKMARK [1][-]{section.2.2}{Entering GAPDoc Documents}{chapter.2}% 7
\BOOKMARK [0][-]{chapter.3}{The Document Type Definition}{}% 8
\BOOKMARK [1][-]{section.3.1}{What is a DTD?}{chapter.3}% 9
\BOOKMARK [1][-]{section.3.2}{Overall Document Structure}{chapter.3}% 10
\BOOKMARK [1][-]{section.3.3}{Sectioning Elements}{chapter.3}% 11
\BOOKMARK [1][-]{section.3.4}{ManSection\205a special kind of subsection}{chapter.3}% 12
\BOOKMARK [1][-]{section.3.5}{Cross Referencing and Citations}{chapter.3}% 13
\BOOKMARK [1][-]{section.3.6}{Structural Elements like Lists}{chapter.3}% 14
\BOOKMARK [1][-]{section.3.7}{Types of Text}{chapter.3}% 15
\BOOKMARK [1][-]{section.3.8}{Elements for Mathematical Formulae}{chapter.3}% 16
\BOOKMARK [1][-]{section.3.9}{Everything else}{chapter.3}% 17
\BOOKMARK [0][-]{chapter.4}{Distributing a Document into Several Files}{}% 18
\BOOKMARK [1][-]{section.4.1}{The Conventions}{chapter.4}% 19
\BOOKMARK [1][-]{section.4.2}{A Tool for Collecting a Document}{chapter.4}% 20
\BOOKMARK [0][-]{chapter.5}{The Converters and an XML Parser}{}% 21
\BOOKMARK [1][-]{section.5.1}{Producing Documentation from Source Files}{chapter.5}% 22
\BOOKMARK [1][-]{section.5.2}{Parsing XML Documents}{chapter.5}% 23
\BOOKMARK [1][-]{section.5.3}{The Converters}{chapter.5}% 24
\BOOKMARK [1][-]{section.5.4}{Testing Manual Examples}{chapter.5}% 25
\BOOKMARK [0][-]{chapter.6}{String and Text Utilities}{}% 26
\BOOKMARK [1][-]{section.6.1}{Text Utilities}{chapter.6}% 27
\BOOKMARK [1][-]{section.6.2}{Unicode Strings}{chapter.6}% 28
\BOOKMARK [1][-]{section.6.3}{Print Utilities}{chapter.6}% 29
\BOOKMARK [0][-]{chapter.7}{Utilities for Bibliographies}{}% 30
\BOOKMARK [1][-]{section.7.1}{Parsing BibTeX Files}{chapter.7}% 31
\BOOKMARK [1][-]{section.7.2}{The BibXMLext Format}{chapter.7}% 32
\BOOKMARK [1][-]{section.7.3}{Utilities for BibXMLext data}{chapter.7}% 33
\BOOKMARK [1][-]{section.7.4}{Getting BibTeX entries from MathSciNet}{chapter.7}% 34
\BOOKMARK [0][-]{appendix.A}{The File 3k+1.xml}{}% 35
\BOOKMARK [0][-]{appendix.B}{The File gapdoc.dtd}{}% 36
\BOOKMARK [0][-]{appendix.C}{The File bibxmlext.dtd}{}% 37
\BOOKMARK [0][-]{appendix*.3}{References}{}% 38
\BOOKMARK [0][-]{section*.4}{Index}{}% 39
